<?xml version="1.0" encoding="UTF-8"?>
<!-- Generated by org.testng.reporters.JUnitReportReporter -->
<testsuite hostname="BHAGYASHREE" failures="0" tests="1" name="com.flipkart.qa.testclases.AddressPageTest" time="382.984" errors="0" timestamp="30 Oct 2023 15:29:36 GMT" skipped="0">
  <testcase classname="com.flipkart.qa.testclases.AddressPageTest" name="enterOtp" time="382.984"/>
</testsuite> <!-- com.flipkart.qa.testclases.AddressPageTest -->
