<?xml version="1.0" encoding="UTF-8"?>
<!-- Generated by org.testng.reporters.JUnitReportReporter -->
<testsuite hostname="BHAGYASHREE" failures="0" tests="1" name="com.flipkart.qa.testclases.BuyProductTest" time="68.885" errors="0" timestamp="30 Oct 2023 14:04:35 GMT" skipped="0">
  <testcase classname="com.flipkart.qa.testclases.BuyProductTest" name="clickBuyNowBtn" time="68.885"/>
</testsuite> <!-- com.flipkart.qa.testclases.BuyProductTest -->
